Using pre-set license
Built from '2020.3/staging' branch; Version is '2020.3.14f1 (d0d1bb862f9d) revision 13685179'; Using compiler version '192528614'; Build Type 'Release'
OS: 'Windows 10 Education; OS build 19042.1237; Version 2009; 64bit' Language: 'en' Physical Memory: 16180 MB
BatchMode: 1, IsHumanControllingUs: 0, StartBugReporterOnCrash: 0, Is64bit: 1, IsPro: 0

 COMMAND LINE ARGUMENTS:
C:\Program Files\Unity\Editor\Unity.exe
-adb2
-batchMode
-noUpm
-name
AssetImportWorker0
-projectPath
C:/Users/W0452315/Desktop/Animation Assignment
-logFile
Logs/AssetImportWorker0.log
-srvPort
54889
Successfully changed project path to: C:/Users/W0452315/Desktop/Animation Assignment
C:/Users/W0452315/Desktop/Animation Assignment
Using Asset Import Pipeline V2.
Refreshing native plugins compatible for Editor in 29.99 ms, found 2 plugins.
Preloading 0 native plugins for Editor in 0.00 ms.
Initialize engine version: 2020.3.14f1 (d0d1bb862f9d)
[Subsystems] Discovering subsystems at path C:/Program Files/Unity/Editor/Data/Resources/UnitySubsystems
[Subsystems] Discovering subsystems at path C:/Users/W0452315/Desktop/Animation Assignment/Assets
GfxDevice: creating device client; threaded=0
Direct3D:
    Version:  Direct3D 11.0 [level 11.0]
    Renderer: NVIDIA Quadro K2200 (ID=0x13ba)
    Vendor:   
    VRAM:     4053 MB
    Driver:   27.21.14.6192
Initialize mono
Mono path[0] = 'C:/Program Files/Unity/Editor/Data/Managed'
Mono path[1] = 'C:/Program Files/Unity/Editor/Data/MonoBleedingEdge/lib/mono/unityjit'
Mono config path = 'C:/Program Files/Unity/Editor/Data/MonoBleedingEdge/etc'
Using monoOptions --debugger-agent=transport=dt_socket,embedding=1,server=y,suspend=n,address=127.0.0.1:56752
Begin MonoManager ReloadAssembly
Registering precompiled unity dll's ...
Register platform support module: C:/Program Files/Unity/Editor/Data/PlaybackEngines/WindowsStandaloneSupport/UnityEditor.WindowsStandalone.Extensions.dll
Registered in 0.001926 seconds.
Native extension for WindowsStandalone target not found
Refreshing native plugins compatible for Editor in 32.39 ms, found 2 plugins.
Preloading 0 native plugins for Editor in 0.00 ms.
Mono: successfully reloaded assembly
- Completed reload, in  1.289 seconds
Domain Reload Profiling:
	ReloadAssembly (1289ms)
		BeginReloadAssembly (66ms)
			ExecutionOrderSort (0ms)
			DisableScriptedObjects (0ms)
			BackupInstance (0ms)
			ReleaseScriptingObjects (0ms)
			CreateAndSetChildDomain (1ms)
		EndReloadAssembly (494ms)
			LoadAssemblies (63ms)
			RebuildTransferFunctionScriptingTraits (0ms)
			SetupTypeCache (172ms)
			ReleaseScriptCaches (0ms)
			RebuildScriptCaches (36ms)
			SetupLoadedEditorAssemblies (196ms)
				LogAssemblyErrors (0ms)
				InitializePlatformSupportModulesInManaged (4ms)
				SetLoadedEditorAssemblies (0ms)
				RefreshPlugins (32ms)
				BeforeProcessingInitializeOnLoad (17ms)
				ProcessInitializeOnLoadAttributes (108ms)
				ProcessInitializeOnLoadMethodAttributes (34ms)
				AfterProcessingInitializeOnLoad (0ms)
				EditorAssembliesLoaded (0ms)
			ExecutionOrderSort2 (0ms)
			AwakeInstancesAfterBackupRestoration (0ms)
Platform modules already initialized, skipping
Registering precompiled user dll's ...
Registered in 0.004695 seconds.
Begin MonoManager ReloadAssembly
Native extension for WindowsStandalone target not found
Refreshing native plugins compatible for Editor in 0.28 ms, found 2 plugins.
Preloading 0 native plugins for Editor in 0.00 ms.
Mono: successfully reloaded assembly
- Completed reload, in  1.206 seconds
Domain Reload Profiling:
	ReloadAssembly (1207ms)
		BeginReloadAssembly (159ms)
			ExecutionOrderSort (0ms)
			DisableScriptedObjects (6ms)
			BackupInstance (0ms)
			ReleaseScriptingObjects (0ms)
			CreateAndSetChildDomain (21ms)
		EndReloadAssembly (973ms)
			LoadAssemblies (100ms)
			RebuildTransferFunctionScriptingTraits (0ms)
			SetupTypeCache (360ms)
			ReleaseScriptCaches (0ms)
			RebuildScriptCaches (50ms)
			SetupLoadedEditorAssemblies (352ms)
				LogAssemblyErrors (0ms)
				InitializePlatformSupportModulesInManaged (5ms)
				SetLoadedEditorAssemblies (0ms)
				RefreshPlugins (0ms)
				BeforeProcessingInitializeOnLoad (107ms)
				ProcessInitializeOnLoadAttributes (225ms)
				ProcessInitializeOnLoadMethodAttributes (5ms)
				AfterProcessingInitializeOnLoad (8ms)
				EditorAssembliesLoaded (1ms)
			ExecutionOrderSort2 (0ms)
			AwakeInstancesAfterBackupRestoration (7ms)
Platform modules already initialized, skipping
========================================================================
Worker process is ready to serve import requests
Launched and connected shader compiler UnityShaderCompiler.exe after 0.06 seconds
Refreshing native plugins compatible for Editor in 0.42 ms, found 2 plugins.
Preloading 0 native plugins for Editor in 0.00 ms.
Unloading 1390 Unused Serialized files (Serialized files now loaded: 0)
System memory in use before: 64.8 MB.
System memory in use after: 64.8 MB.

Unloading 19 unused Assets to reduce memory usage. Loaded Objects now: 1823.
Total: 2.177100 ms (FindLiveObjects: 0.179200 ms CreateObjectMapping: 0.063000 ms MarkObjects: 1.854000 ms  DeleteObjects: 0.079300 ms)

AssetImportParameters requested are different than current active one (requested -> active):
  custom:framework-win-MediaFoundation: 216162199b28c13a410421893ffa2e32 -> 
  custom:video-decoder-ogg-theora: a1e56fd34408186e4bbccfd4996cb3dc -> 
  custom:container-muxer-webm: aa71ff27fc2769a1b78a27578f13a17b -> 
  custom:container-demuxer-webm: 4f35f7cbe854078d1ac9338744f61a02 -> 
  custom:container-demuxer-ogg: 62fdf1f143b41e24485cea50d1cbac27 -> 
  custom:video-encoder-webm-vp8: eb34c28f22e8b96e1ab97ce403110664 -> 
  custom:video-decoder-webm-vp8: 9c59270c3fd7afecdb556c50c9e8de78 -> 
  custom:audio-decoder-ogg-vorbis: bf7c407c2cedff20999df2af8eb42d56 -> 
  custom:audio-encoder-webm-vorbis: bf7c407c2cedff20999df2af8eb42d56 -> 
========================================================================
Received Import Request.
  path: Assets
  artifactKey: Guid(00000000000000001000000000000000) Importer(815301076,1909f56bfc062723c751e8b465ee728b)
Start importing Assets using Guid(00000000000000001000000000000000) Importer(815301076,1909f56bfc062723c751e8b465ee728b)  -> (artifact id: '42d402b061de3733987d63b9cc3b64de') in 0.012732 seconds 
  Import took 0.017650 seconds .

========================================================================
Received Import Request.
  Time since last request: 2.763914 seconds.
  path: Assets/Animations
  artifactKey: Guid(fbc354773106bac4b88583e619bc1af4) Importer(815301076,1909f56bfc062723c751e8b465ee728b)
Start importing Assets/Animations using Guid(fbc354773106bac4b88583e619bc1af4) Importer(815301076,1909f56bfc062723c751e8b465ee728b)  -> (artifact id: '4c0009ab5bbe4bdfcbc1a027c31963f6') in 0.015274 seconds 
  Import took 0.018516 seconds .

========================================================================
Received Import Request.
  Time since last request: 8.428098 seconds.
  path: Assets/Animations/New Animation.anim
  artifactKey: Guid(dcbb831183374794c87b6698005f3f3e) Importer(815301076,1909f56bfc062723c751e8b465ee728b)
Start importing Assets/Animations/New Animation.anim using Guid(dcbb831183374794c87b6698005f3f3e) Importer(815301076,1909f56bfc062723c751e8b465ee728b)  -> (artifact id: 'd14af1d4a7e72671c3b4bad98402a321') in 0.066161 seconds 
  Import took 0.070266 seconds .

========================================================================
Received Import Request.
  Time since last request: 23.738876 seconds.
  path: Assets/Animations/SpinningCube.anim
  artifactKey: Guid(dcbb831183374794c87b6698005f3f3e) Importer(815301076,1909f56bfc062723c751e8b465ee728b)
Start importing Assets/Animations/SpinningCube.anim using Guid(dcbb831183374794c87b6698005f3f3e) Importer(815301076,1909f56bfc062723c751e8b465ee728b)  -> (artifact id: '73dead0fe5eca7bd8c7c9a32d7dcd79c') in 0.012947 seconds 
  Import took 0.016447 seconds .

========================================================================
Received Import Request.
  Time since last request: 10.424301 seconds.
  path: Assets/Animations/SpinningCube.controller
  artifactKey: Guid(97c933e411d26b14692fd4a0d3a9073f) Importer(815301076,1909f56bfc062723c751e8b465ee728b)
Start importing Assets/Animations/SpinningCube.controller using Guid(97c933e411d26b14692fd4a0d3a9073f) Importer(815301076,1909f56bfc062723c751e8b465ee728b)  -> (artifact id: '195acf258b582bf4f6ca3b64214dc06e') in 0.007538 seconds 
  Import took 0.011892 seconds .

========================================================================
Received Import Request.
  Time since last request: 698.217692 seconds.
  path: Assets/New Material.mat
  artifactKey: Guid(612cd299ae2142249b5f12fa895e6512) Importer(815301076,1909f56bfc062723c751e8b465ee728b)
Start importing Assets/New Material.mat using Guid(612cd299ae2142249b5f12fa895e6512) Importer(815301076,1909f56bfc062723c751e8b465ee728b)  -> (artifact id: 'f2dd4b1bcb1ec4c5601f8fde2ed5d4a5') in 0.130241 seconds 
  Import took 0.133093 seconds .

========================================================================
Received Import Request.
  Time since last request: 18.121781 seconds.
  path: Assets/Animations/Spot Light.controller
  artifactKey: Guid(b5d4f26973c2ccf42b200329934adc5d) Importer(815301076,1909f56bfc062723c751e8b465ee728b)
Start importing Assets/Animations/Spot Light.controller using Guid(b5d4f26973c2ccf42b200329934adc5d) Importer(815301076,1909f56bfc062723c751e8b465ee728b)  -> (artifact id: '3b9374cc762b25e28b54852903c2e654') in 0.012216 seconds 
  Import took 0.017063 seconds .

========================================================================
Received Import Request.
  Time since last request: 0.639432 seconds.
  path: Assets/Animations/Spotlight.anim
  artifactKey: Guid(e486650baf0fbeb47ad9fb5f02325ceb) Importer(815301076,1909f56bfc062723c751e8b465ee728b)
Start importing Assets/Animations/Spotlight.anim using Guid(e486650baf0fbeb47ad9fb5f02325ceb) Importer(815301076,1909f56bfc062723c751e8b465ee728b)  -> (artifact id: '8fe758f5f0170d314499e752eeb27f67') in 0.012279 seconds 
  Import took 0.015675 seconds .

========================================================================
Received Import Request.
  Time since last request: 0.001289 seconds.
  path: Assets/Animations/Spotlight.anim
  artifactKey: Guid(e486650baf0fbeb47ad9fb5f02325ceb) Importer(815301076,1909f56bfc062723c751e8b465ee728b)
Start importing Assets/Animations/Spotlight.anim using Guid(e486650baf0fbeb47ad9fb5f02325ceb) Importer(815301076,1909f56bfc062723c751e8b465ee728b)  -> (artifact id: '8fe758f5f0170d314499e752eeb27f67') in 0.005587 seconds 
  Import took 0.009422 seconds .

========================================================================
Received Prepare
Registering precompiled user dll's ...
Registered in 0.007455 seconds.
Begin MonoManager ReloadAssembly
Native extension for WindowsStandalone target not found
Refreshing native plugins compatible for Editor in 0.32 ms, found 2 plugins.
Preloading 0 native plugins for Editor in 0.00 ms.
Mono: successfully reloaded assembly
- Completed reload, in  1.540 seconds
Domain Reload Profiling:
	ReloadAssembly (1540ms)
		BeginReloadAssembly (143ms)
			ExecutionOrderSort (0ms)
			DisableScriptedObjects (4ms)
			BackupInstance (0ms)
			ReleaseScriptingObjects (0ms)
			CreateAndSetChildDomain (40ms)
		EndReloadAssembly (1320ms)
			LoadAssemblies (108ms)
			RebuildTransferFunctionScriptingTraits (0ms)
			SetupTypeCache (339ms)
			ReleaseScriptCaches (1ms)
			RebuildScriptCaches (52ms)
			SetupLoadedEditorAssemblies (684ms)
				LogAssemblyErrors (0ms)
				InitializePlatformSupportModulesInManaged (6ms)
				SetLoadedEditorAssemblies (0ms)
				RefreshPlugins (0ms)
				BeforeProcessingInitializeOnLoad (400ms)
				ProcessInitializeOnLoadAttributes (266ms)
				ProcessInitializeOnLoadMethodAttributes (4ms)
				AfterProcessingInitializeOnLoad (7ms)
				EditorAssembliesLoaded (0ms)
			ExecutionOrderSort2 (0ms)
			AwakeInstancesAfterBackupRestoration (8ms)
Platform modules already initialized, skipping
Refreshing native plugins compatible for Editor in 0.31 ms, found 2 plugins.
Preloading 0 native plugins for Editor in 0.00 ms.
Unloading 1385 Unused Serialized files (Serialized files now loaded: 0)
System memory in use before: 68.1 MB.
System memory in use after: 68.1 MB.

Unloading 14 unused Assets to reduce memory usage. Loaded Objects now: 1866.
Total: 3.382700 ms (FindLiveObjects: 0.171900 ms CreateObjectMapping: 0.046000 ms MarkObjects: 3.099300 ms  DeleteObjects: 0.063800 ms)

AssetImportParameters requested are different than current active one (requested -> active):
  custom:framework-win-MediaFoundation: 216162199b28c13a410421893ffa2e32 -> 
  custom:video-decoder-ogg-theora: a1e56fd34408186e4bbccfd4996cb3dc -> 
  custom:container-muxer-webm: aa71ff27fc2769a1b78a27578f13a17b -> 
  custom:container-demuxer-webm: 4f35f7cbe854078d1ac9338744f61a02 -> 
  custom:container-demuxer-ogg: 62fdf1f143b41e24485cea50d1cbac27 -> 
  custom:video-encoder-webm-vp8: eb34c28f22e8b96e1ab97ce403110664 -> 
  custom:video-decoder-webm-vp8: 9c59270c3fd7afecdb556c50c9e8de78 -> 
  custom:audio-decoder-ogg-vorbis: bf7c407c2cedff20999df2af8eb42d56 -> 
  custom:audio-encoder-webm-vorbis: bf7c407c2cedff20999df2af8eb42d56 -> 
========================================================================
Received Prepare
Registering precompiled user dll's ...
Registered in 0.004020 seconds.
Begin MonoManager ReloadAssembly
Native extension for WindowsStandalone target not found
Refreshing native plugins compatible for Editor in 0.29 ms, found 2 plugins.
Preloading 0 native plugins for Editor in 0.00 ms.
Mono: successfully reloaded assembly
- Completed reload, in  1.403 seconds
Domain Reload Profiling:
	ReloadAssembly (1404ms)
		BeginReloadAssembly (127ms)
			ExecutionOrderSort (0ms)
			DisableScriptedObjects (5ms)
			BackupInstance (0ms)
			ReleaseScriptingObjects (0ms)
			CreateAndSetChildDomain (36ms)
		EndReloadAssembly (1201ms)
			LoadAssemblies (95ms)
			RebuildTransferFunctionScriptingTraits (0ms)
			SetupTypeCache (303ms)
			ReleaseScriptCaches (1ms)
			RebuildScriptCaches (50ms)
			SetupLoadedEditorAssemblies (605ms)
				LogAssemblyErrors (0ms)
				InitializePlatformSupportModulesInManaged (7ms)
				SetLoadedEditorAssemblies (1ms)
				RefreshPlugins (0ms)
				BeforeProcessingInitializeOnLoad (100ms)
				ProcessInitializeOnLoadAttributes (485ms)
				ProcessInitializeOnLoadMethodAttributes (4ms)
				AfterProcessingInitializeOnLoad (7ms)
				EditorAssembliesLoaded (0ms)
			ExecutionOrderSort2 (0ms)
			AwakeInstancesAfterBackupRestoration (8ms)
Platform modules already initialized, skipping
Refreshing native plugins compatible for Editor in 1.51 ms, found 2 plugins.
Preloading 0 native plugins for Editor in 0.00 ms.
Unloading 1385 Unused Serialized files (Serialized files now loaded: 0)
System memory in use before: 68.1 MB.
System memory in use after: 68.2 MB.

Unloading 14 unused Assets to reduce memory usage. Loaded Objects now: 1869.
Total: 3.028800 ms (FindLiveObjects: 0.172400 ms CreateObjectMapping: 0.049100 ms MarkObjects: 2.751600 ms  DeleteObjects: 0.054400 ms)

AssetImportParameters requested are different than current active one (requested -> active):
  custom:framework-win-MediaFoundation: 216162199b28c13a410421893ffa2e32 -> 
  custom:video-decoder-ogg-theora: a1e56fd34408186e4bbccfd4996cb3dc -> 
  custom:container-muxer-webm: aa71ff27fc2769a1b78a27578f13a17b -> 
  custom:container-demuxer-webm: 4f35f7cbe854078d1ac9338744f61a02 -> 
  custom:container-demuxer-ogg: 62fdf1f143b41e24485cea50d1cbac27 -> 
  custom:video-encoder-webm-vp8: eb34c28f22e8b96e1ab97ce403110664 -> 
  custom:video-decoder-webm-vp8: 9c59270c3fd7afecdb556c50c9e8de78 -> 
  custom:audio-decoder-ogg-vorbis: bf7c407c2cedff20999df2af8eb42d56 -> 
  custom:audio-encoder-webm-vorbis: bf7c407c2cedff20999df2af8eb42d56 -> 
========================================================================
Received Import Request.
  Time since last request: 1117.331326 seconds.
  path: Assets/Animations/New Animation.anim
  artifactKey: Guid(d57b28b234838ac43a2f92b2e3933749) Importer(815301076,1909f56bfc062723c751e8b465ee728b)
Start importing Assets/Animations/New Animation.anim using Guid(d57b28b234838ac43a2f92b2e3933749) Importer(815301076,1909f56bfc062723c751e8b465ee728b)  -> (artifact id: '9fda929ac9099f87d79ed9fd6268ea72') in 0.019235 seconds 
  Import took 0.023870 seconds .

========================================================================
Received Prepare
Registering precompiled user dll's ...
Registered in 0.106020 seconds.
Begin MonoManager ReloadAssembly
Native extension for WindowsStandalone target not found
Refreshing native plugins compatible for Editor in 0.29 ms, found 2 plugins.
Preloading 0 native plugins for Editor in 0.00 ms.
Mono: successfully reloaded assembly
- Completed reload, in  1.190 seconds
Domain Reload Profiling:
	ReloadAssembly (1190ms)
		BeginReloadAssembly (131ms)
			ExecutionOrderSort (0ms)
			DisableScriptedObjects (5ms)
			BackupInstance (0ms)
			ReleaseScriptingObjects (0ms)
			CreateAndSetChildDomain (35ms)
		EndReloadAssembly (988ms)
			LoadAssemblies (110ms)
			RebuildTransferFunctionScriptingTraits (0ms)
			SetupTypeCache (298ms)
			ReleaseScriptCaches (1ms)
			RebuildScriptCaches (40ms)
			SetupLoadedEditorAssemblies (440ms)
				LogAssemblyErrors (0ms)
				InitializePlatformSupportModulesInManaged (5ms)
				SetLoadedEditorAssemblies (0ms)
				RefreshPlugins (0ms)
				BeforeProcessingInitializeOnLoad (86ms)
				ProcessInitializeOnLoadAttributes (335ms)
				ProcessInitializeOnLoadMethodAttributes (6ms)
				AfterProcessingInitializeOnLoad (7ms)
				EditorAssembliesLoaded (0ms)
			ExecutionOrderSort2 (0ms)
			AwakeInstancesAfterBackupRestoration (7ms)
Platform modules already initialized, skipping
Refreshing native plugins compatible for Editor in 0.57 ms, found 2 plugins.
Preloading 0 native plugins for Editor in 0.00 ms.
Unloading 1385 Unused Serialized files (Serialized files now loaded: 0)
System memory in use before: 68.1 MB.
System memory in use after: 68.2 MB.

Unloading 14 unused Assets to reduce memory usage. Loaded Objects now: 1872.
Total: 21.193500 ms (FindLiveObjects: 2.704800 ms CreateObjectMapping: 0.838000 ms MarkObjects: 17.583200 ms  DeleteObjects: 0.065900 ms)

AssetImportParameters requested are different than current active one (requested -> active):
  custom:framework-win-MediaFoundation: 216162199b28c13a410421893ffa2e32 -> 
  custom:video-decoder-ogg-theora: a1e56fd34408186e4bbccfd4996cb3dc -> 
  custom:container-muxer-webm: aa71ff27fc2769a1b78a27578f13a17b -> 
  custom:container-demuxer-webm: 4f35f7cbe854078d1ac9338744f61a02 -> 
  custom:container-demuxer-ogg: 62fdf1f143b41e24485cea50d1cbac27 -> 
  custom:video-encoder-webm-vp8: eb34c28f22e8b96e1ab97ce403110664 -> 
  custom:video-decoder-webm-vp8: 9c59270c3fd7afecdb556c50c9e8de78 -> 
  custom:audio-decoder-ogg-vorbis: bf7c407c2cedff20999df2af8eb42d56 -> 
  custom:audio-encoder-webm-vorbis: bf7c407c2cedff20999df2af8eb42d56 -> 
========================================================================
Received Import Request.
  Time since last request: 803.646742 seconds.
  path: Assets/Animations/Spot Light.controller
  artifactKey: Guid(b5d4f26973c2ccf42b200329934adc5d) Importer(815301076,1909f56bfc062723c751e8b465ee728b)
Start importing Assets/Animations/Spot Light.controller using Guid(b5d4f26973c2ccf42b200329934adc5d) Importer(815301076,1909f56bfc062723c751e8b465ee728b)  -> (artifact id: '6fe98e34867d3473089ba04a9609d5bb') in 0.066569 seconds 
  Import took 0.070575 seconds .

========================================================================
Received Import Request.
  Time since last request: 0.000181 seconds.
  path: Assets/Animations/UpandDownPlat.anim
  artifactKey: Guid(21bb2aab0cfae2340bb7a6e3edf17cfa) Importer(815301076,1909f56bfc062723c751e8b465ee728b)
Start importing Assets/Animations/UpandDownPlat.anim using Guid(21bb2aab0cfae2340bb7a6e3edf17cfa) Importer(815301076,1909f56bfc062723c751e8b465ee728b)  -> (artifact id: '1397742b997ceedc3a506b85ee22e600') in 0.018683 seconds 
  Import took 0.022822 seconds .

========================================================================
Received Import Request.
  Time since last request: 0.000519 seconds.
  path: Assets/Animations/UpandDown.controller
  artifactKey: Guid(2ddd6d58c6fbe1b409a548f022519d20) Importer(815301076,1909f56bfc062723c751e8b465ee728b)
Start importing Assets/Animations/UpandDown.controller using Guid(2ddd6d58c6fbe1b409a548f022519d20) Importer(815301076,1909f56bfc062723c751e8b465ee728b)  -> (artifact id: 'f69758e18bda4a70f3aface01cdd8bf8') in 0.022824 seconds 
  Import took 0.031651 seconds .

========================================================================
Received Prepare
Registering precompiled user dll's ...
Registered in 0.009171 seconds.
Begin MonoManager ReloadAssembly
Native extension for WindowsStandalone target not found
Refreshing native plugins compatible for Editor in 0.45 ms, found 2 plugins.
Preloading 0 native plugins for Editor in 0.00 ms.
Mono: successfully reloaded assembly
- Completed reload, in  2.498 seconds
Domain Reload Profiling:
	ReloadAssembly (2499ms)
		BeginReloadAssembly (222ms)
			ExecutionOrderSort (0ms)
			DisableScriptedObjects (14ms)
			BackupInstance (0ms)
			ReleaseScriptingObjects (0ms)
			CreateAndSetChildDomain (65ms)
		EndReloadAssembly (2142ms)
			LoadAssemblies (171ms)
			RebuildTransferFunctionScriptingTraits (0ms)
			SetupTypeCache (1435ms)
			ReleaseScriptCaches (3ms)
			RebuildScriptCaches (52ms)
			SetupLoadedEditorAssemblies (379ms)
				LogAssemblyErrors (0ms)
				InitializePlatformSupportModulesInManaged (8ms)
				SetLoadedEditorAssemblies (1ms)
				RefreshPlugins (1ms)
				BeforeProcessingInitializeOnLoad (107ms)
				ProcessInitializeOnLoadAttributes (249ms)
				ProcessInitializeOnLoadMethodAttributes (5ms)
				AfterProcessingInitializeOnLoad (8ms)
				EditorAssembliesLoaded (0ms)
			ExecutionOrderSort2 (0ms)
			AwakeInstancesAfterBackupRestoration (8ms)
Platform modules already initialized, skipping
Refreshing native plugins compatible for Editor in 0.29 ms, found 2 plugins.
Preloading 0 native plugins for Editor in 0.00 ms.
Unloading 1385 Unused Serialized files (Serialized files now loaded: 0)
System memory in use before: 68.1 MB.
System memory in use after: 68.2 MB.

Unloading 14 unused Assets to reduce memory usage. Loaded Objects now: 1875.
Total: 18.158300 ms (FindLiveObjects: 12.967300 ms CreateObjectMapping: 0.122400 ms MarkObjects: 5.011300 ms  DeleteObjects: 0.055000 ms)

AssetImportParameters requested are different than current active one (requested -> active):
  custom:framework-win-MediaFoundation: 216162199b28c13a410421893ffa2e32 -> 
  custom:video-decoder-ogg-theora: a1e56fd34408186e4bbccfd4996cb3dc -> 
  custom:container-muxer-webm: aa71ff27fc2769a1b78a27578f13a17b -> 
  custom:container-demuxer-webm: 4f35f7cbe854078d1ac9338744f61a02 -> 
  custom:container-demuxer-ogg: 62fdf1f143b41e24485cea50d1cbac27 -> 
  custom:video-encoder-webm-vp8: eb34c28f22e8b96e1ab97ce403110664 -> 
  custom:video-decoder-webm-vp8: 9c59270c3fd7afecdb556c50c9e8de78 -> 
  custom:audio-decoder-ogg-vorbis: bf7c407c2cedff20999df2af8eb42d56 -> 
  custom:audio-encoder-webm-vorbis: bf7c407c2cedff20999df2af8eb42d56 -> 
========================================================================
Received Import Request.
  Time since last request: 226.239125 seconds.
  path: Assets/New Material.mat
  artifactKey: Guid(612cd299ae2142249b5f12fa895e6512) Importer(815301076,1909f56bfc062723c751e8b465ee728b)
Start importing Assets/New Material.mat using Guid(612cd299ae2142249b5f12fa895e6512) Importer(815301076,1909f56bfc062723c751e8b465ee728b)  -> (artifact id: 'e7b4af29a867c4124269042a483c56fe') in 0.073870 seconds 
  Import took 0.077009 seconds .

========================================================================
Received Import Request.
  Time since last request: 0.001745 seconds.
  path: Assets/New Material.mat
  artifactKey: Guid(612cd299ae2142249b5f12fa895e6512) Importer(815301076,1909f56bfc062723c751e8b465ee728b)
Start importing Assets/New Material.mat using Guid(612cd299ae2142249b5f12fa895e6512) Importer(815301076,1909f56bfc062723c751e8b465ee728b)  -> (artifact id: 'e7b4af29a867c4124269042a483c56fe') in 0.026341 seconds 
  Import took 0.029041 seconds .

========================================================================
Received Import Request.
  Time since last request: 6.825456 seconds.
  path: Assets/Materials
  artifactKey: Guid(e6f2f97d93003fd45b411929e7e02e3c) Importer(815301076,1909f56bfc062723c751e8b465ee728b)
Start importing Assets/Materials using Guid(e6f2f97d93003fd45b411929e7e02e3c) Importer(815301076,1909f56bfc062723c751e8b465ee728b)  -> (artifact id: '202bc1c64527a27cd6ceb31d45172eff') in 0.016792 seconds 
  Import took 0.021645 seconds .

========================================================================
Received Import Request.
  Time since last request: 12.012155 seconds.
  path: Assets/Materials/Cube.mat
  artifactKey: Guid(e5b5a0554f2403c4eae3677272114950) Importer(815301076,1909f56bfc062723c751e8b465ee728b)
Start importing Assets/Materials/Cube.mat using Guid(e5b5a0554f2403c4eae3677272114950) Importer(815301076,1909f56bfc062723c751e8b465ee728b)  -> (artifact id: 'd869b58e405947cf586870318bf27793') in 0.032460 seconds 
  Import took 0.036715 seconds .

========================================================================
Received Import Request.
  Time since last request: 6.148001 seconds.
  path: Assets/Materials/Floor.mat
  artifactKey: Guid(612cd299ae2142249b5f12fa895e6512) Importer(815301076,1909f56bfc062723c751e8b465ee728b)
Start importing Assets/Materials/Floor.mat using Guid(612cd299ae2142249b5f12fa895e6512) Importer(815301076,1909f56bfc062723c751e8b465ee728b)  -> (artifact id: '199098c66435e81ec5841e91197f357e') in 0.022358 seconds 
  Import took 0.025472 seconds .

========================================================================
Received Import Request.
  Time since last request: 13.526608 seconds.
  path: Assets/Materials/Platform.mat
  artifactKey: Guid(ae973a4d3f5635a43b2136f0e1124955) Importer(815301076,1909f56bfc062723c751e8b465ee728b)
Start importing Assets/Materials/Platform.mat using Guid(ae973a4d3f5635a43b2136f0e1124955) Importer(815301076,1909f56bfc062723c751e8b465ee728b)  -> (artifact id: 'a925cfc4616b1ac811345a6919fe3389') in 0.027077 seconds 
  Import took 0.031468 seconds .

========================================================================
Received Prepare
Registering precompiled user dll's ...
Registered in 0.004392 seconds.
Begin MonoManager ReloadAssembly
Native extension for WindowsStandalone target not found
Refreshing native plugins compatible for Editor in 0.34 ms, found 2 plugins.
Preloading 0 native plugins for Editor in 0.00 ms.
Mono: successfully reloaded assembly
- Completed reload, in  1.522 seconds
Domain Reload Profiling:
	ReloadAssembly (1522ms)
		BeginReloadAssembly (118ms)
			ExecutionOrderSort (0ms)
			DisableScriptedObjects (5ms)
			BackupInstance (0ms)
			ReleaseScriptingObjects (0ms)
			CreateAndSetChildDomain (38ms)
		EndReloadAssembly (1333ms)
			LoadAssemblies (99ms)
			RebuildTransferFunctionScriptingTraits (0ms)
			SetupTypeCache (297ms)
			ReleaseScriptCaches (1ms)
			RebuildScriptCaches (60ms)
			SetupLoadedEditorAssemblies (706ms)
				LogAssemblyErrors (0ms)
				InitializePlatformSupportModulesInManaged (7ms)
				SetLoadedEditorAssemblies (1ms)
				RefreshPlugins (0ms)
				BeforeProcessingInitializeOnLoad (464ms)
				ProcessInitializeOnLoadAttributes (224ms)
				ProcessInitializeOnLoadMethodAttributes (4ms)
				AfterProcessingInitializeOnLoad (6ms)
				EditorAssembliesLoaded (0ms)
			ExecutionOrderSort2 (0ms)
			AwakeInstancesAfterBackupRestoration (6ms)
Platform modules already initialized, skipping
Refreshing native plugins compatible for Editor in 0.29 ms, found 2 plugins.
Preloading 0 native plugins for Editor in 0.00 ms.
Unloading 1385 Unused Serialized files (Serialized files now loaded: 0)
System memory in use before: 68.2 MB.
System memory in use after: 68.2 MB.

Unloading 14 unused Assets to reduce memory usage. Loaded Objects now: 1879.
Total: 4.595200 ms (FindLiveObjects: 0.265000 ms CreateObjectMapping: 2.077400 ms MarkObjects: 2.192400 ms  DeleteObjects: 0.058400 ms)

AssetImportParameters requested are different than current active one (requested -> active):
  custom:framework-win-MediaFoundation: 216162199b28c13a410421893ffa2e32 -> 
  custom:video-decoder-ogg-theora: a1e56fd34408186e4bbccfd4996cb3dc -> 
  custom:container-muxer-webm: aa71ff27fc2769a1b78a27578f13a17b -> 
  custom:container-demuxer-webm: 4f35f7cbe854078d1ac9338744f61a02 -> 
  custom:container-demuxer-ogg: 62fdf1f143b41e24485cea50d1cbac27 -> 
  custom:video-encoder-webm-vp8: eb34c28f22e8b96e1ab97ce403110664 -> 
  custom:video-decoder-webm-vp8: 9c59270c3fd7afecdb556c50c9e8de78 -> 
  custom:audio-decoder-ogg-vorbis: bf7c407c2cedff20999df2af8eb42d56 -> 
  custom:audio-encoder-webm-vorbis: bf7c407c2cedff20999df2af8eb42d56 -> 
========================================================================
Received Import Request.
  Time since last request: 42.696143 seconds.
  path: Assets/Materials/Cube.mat
  artifactKey: Guid(e5b5a0554f2403c4eae3677272114950) Importer(815301076,1909f56bfc062723c751e8b465ee728b)
Start importing Assets/Materials/Cube.mat using Guid(e5b5a0554f2403c4eae3677272114950) Importer(815301076,1909f56bfc062723c751e8b465ee728b)  -> (artifact id: '0cdf6e50315a4e6400a23c8f5c5fd16e') in 0.069432 seconds 
  Import took 0.072663 seconds .

========================================================================
Received Import Request.
  Time since last request: 0.000171 seconds.
  path: Assets/Materials/Platform.mat
  artifactKey: Guid(ae973a4d3f5635a43b2136f0e1124955) Importer(815301076,1909f56bfc062723c751e8b465ee728b)
Start importing Assets/Materials/Platform.mat using Guid(ae973a4d3f5635a43b2136f0e1124955) Importer(815301076,1909f56bfc062723c751e8b465ee728b)  -> (artifact id: '51f29ef3e19314a76e88f1e587b51609') in 0.025830 seconds 
  Import took 0.028751 seconds .

========================================================================
Received Import Request.
  Time since last request: 0.006079 seconds.
  path: Assets/Materials/Platform.mat
  artifactKey: Guid(ae973a4d3f5635a43b2136f0e1124955) Importer(815301076,1909f56bfc062723c751e8b465ee728b)
Start importing Assets/Materials/Platform.mat using Guid(ae973a4d3f5635a43b2136f0e1124955) Importer(815301076,1909f56bfc062723c751e8b465ee728b)  -> (artifact id: '51f29ef3e19314a76e88f1e587b51609') in 0.019415 seconds 
  Import took 0.024268 seconds .

========================================================================
Received Import Request.
  Time since last request: 383.296226 seconds.
  path: Assets/Animations/UpandDownPlat.anim
  artifactKey: Guid(21bb2aab0cfae2340bb7a6e3edf17cfa) Importer(815301076,1909f56bfc062723c751e8b465ee728b)
Start importing Assets/Animations/UpandDownPlat.anim using Guid(21bb2aab0cfae2340bb7a6e3edf17cfa) Importer(815301076,1909f56bfc062723c751e8b465ee728b)  -> (artifact id: '10300f6847d8a465bb394acc408db57d') in 0.007600 seconds 
  Import took 0.012126 seconds .

========================================================================
Received Import Request.
  Time since last request: 0.000487 seconds.
  path: Assets/Animations/UpandDownPlat.anim
  artifactKey: Guid(21bb2aab0cfae2340bb7a6e3edf17cfa) Importer(815301076,1909f56bfc062723c751e8b465ee728b)
Start importing Assets/Animations/UpandDownPlat.anim using Guid(21bb2aab0cfae2340bb7a6e3edf17cfa) Importer(815301076,1909f56bfc062723c751e8b465ee728b)  -> (artifact id: '10300f6847d8a465bb394acc408db57d') in 0.005230 seconds 
  Import took 0.007930 seconds .

========================================================================
Received Prepare
Registering precompiled user dll's ...
Registered in 0.004706 seconds.
Begin MonoManager ReloadAssembly
Native extension for WindowsStandalone target not found
Refreshing native plugins compatible for Editor in 0.28 ms, found 2 plugins.
Preloading 0 native plugins for Editor in 0.00 ms.
Mono: successfully reloaded assembly
- Completed reload, in  0.921 seconds
Domain Reload Profiling:
	ReloadAssembly (921ms)
		BeginReloadAssembly (107ms)
			ExecutionOrderSort (0ms)
			DisableScriptedObjects (4ms)
			BackupInstance (0ms)
			ReleaseScriptingObjects (0ms)
			CreateAndSetChildDomain (29ms)
		EndReloadAssembly (751ms)
			LoadAssemblies (81ms)
			RebuildTransferFunctionScriptingTraits (0ms)
			SetupTypeCache (254ms)
			ReleaseScriptCaches (1ms)
			RebuildScriptCaches (38ms)
			SetupLoadedEditorAssemblies (282ms)
				LogAssemblyErrors (0ms)
				InitializePlatformSupportModulesInManaged (5ms)
				SetLoadedEditorAssemblies (0ms)
				RefreshPlugins (0ms)
				BeforeProcessingInitializeOnLoad (80ms)
				ProcessInitializeOnLoadAttributes (186ms)
				ProcessInitializeOnLoadMethodAttributes (4ms)
				AfterProcessingInitializeOnLoad (6ms)
				EditorAssembliesLoaded (0ms)
			ExecutionOrderSort2 (0ms)
			AwakeInstancesAfterBackupRestoration (6ms)
Platform modules already initialized, skipping
Refreshing native plugins compatible for Editor in 0.31 ms, found 2 plugins.
Preloading 0 native plugins for Editor in 0.00 ms.
Unloading 1385 Unused Serialized files (Serialized files now loaded: 0)
System memory in use before: 68.2 MB.
System memory in use after: 68.3 MB.

Unloading 14 unused Assets to reduce memory usage. Loaded Objects now: 1883.
Total: 1.966700 ms (FindLiveObjects: 0.181200 ms CreateObjectMapping: 0.048200 ms MarkObjects: 1.682600 ms  DeleteObjects: 0.053500 ms)

AssetImportParameters requested are different than current active one (requested -> active):
  custom:framework-win-MediaFoundation: 216162199b28c13a410421893ffa2e32 -> 
  custom:video-decoder-ogg-theora: a1e56fd34408186e4bbccfd4996cb3dc -> 
  custom:container-muxer-webm: aa71ff27fc2769a1b78a27578f13a17b -> 
  custom:container-demuxer-webm: 4f35f7cbe854078d1ac9338744f61a02 -> 
  custom:container-demuxer-ogg: 62fdf1f143b41e24485cea50d1cbac27 -> 
  custom:video-encoder-webm-vp8: eb34c28f22e8b96e1ab97ce403110664 -> 
  custom:video-decoder-webm-vp8: 9c59270c3fd7afecdb556c50c9e8de78 -> 
  custom:audio-decoder-ogg-vorbis: bf7c407c2cedff20999df2af8eb42d56 -> 
  custom:audio-encoder-webm-vorbis: bf7c407c2cedff20999df2af8eb42d56 -> 
========================================================================
Received Prepare
Registering precompiled user dll's ...
Registered in 0.004251 seconds.
Begin MonoManager ReloadAssembly
Native extension for WindowsStandalone target not found
Refreshing native plugins compatible for Editor in 0.28 ms, found 2 plugins.
Preloading 0 native plugins for Editor in 0.00 ms.
Mono: successfully reloaded assembly
- Completed reload, in  0.895 seconds
Domain Reload Profiling:
	ReloadAssembly (896ms)
		BeginReloadAssembly (102ms)
			ExecutionOrderSort (0ms)
			DisableScriptedObjects (4ms)
			BackupInstance (0ms)
			ReleaseScriptingObjects (0ms)
			CreateAndSetChildDomain (27ms)
		EndReloadAssembly (732ms)
			LoadAssemblies (83ms)
			RebuildTransferFunctionScriptingTraits (0ms)
			SetupTypeCache (243ms)
			ReleaseScriptCaches (1ms)
			RebuildScriptCaches (35ms)
			SetupLoadedEditorAssemblies (279ms)
				LogAssemblyErrors (0ms)
				InitializePlatformSupportModulesInManaged (5ms)
				SetLoadedEditorAssemblies (0ms)
				RefreshPlugins (0ms)
				BeforeProcessingInitializeOnLoad (77ms)
				ProcessInitializeOnLoadAttributes (185ms)
				ProcessInitializeOnLoadMethodAttributes (4ms)
				AfterProcessingInitializeOnLoad (8ms)
				EditorAssembliesLoaded (0ms)
			ExecutionOrderSort2 (0ms)
			AwakeInstancesAfterBackupRestoration (6ms)
Platform modules already initialized, skipping
Refreshing native plugins compatible for Editor in 1.49 ms, found 2 plugins.
Preloading 0 native plugins for Editor in 0.00 ms.
Unloading 1385 Unused Serialized files (Serialized files now loaded: 0)
System memory in use before: 68.2 MB.
System memory in use after: 68.3 MB.

Unloading 14 unused Assets to reduce memory usage. Loaded Objects now: 1886.
Total: 2.470200 ms (FindLiveObjects: 0.239300 ms CreateObjectMapping: 0.098400 ms MarkObjects: 2.037300 ms  DeleteObjects: 0.093500 ms)

AssetImportParameters requested are different than current active one (requested -> active):
  custom:framework-win-MediaFoundation: 216162199b28c13a410421893ffa2e32 -> 
  custom:video-decoder-ogg-theora: a1e56fd34408186e4bbccfd4996cb3dc -> 
  custom:container-muxer-webm: aa71ff27fc2769a1b78a27578f13a17b -> 
  custom:container-demuxer-webm: 4f35f7cbe854078d1ac9338744f61a02 -> 
  custom:container-demuxer-ogg: 62fdf1f143b41e24485cea50d1cbac27 -> 
  custom:video-encoder-webm-vp8: eb34c28f22e8b96e1ab97ce403110664 -> 
  custom:video-decoder-webm-vp8: 9c59270c3fd7afecdb556c50c9e8de78 -> 
  custom:audio-decoder-ogg-vorbis: bf7c407c2cedff20999df2af8eb42d56 -> 
  custom:audio-encoder-webm-vorbis: bf7c407c2cedff20999df2af8eb42d56 -> 
AssetImportWorkerClient::OnTransportError - code=2 error=End of file
